<?xml version="1.0" encoding="UTF-8"?>
<testsuites>
  <testsuite name="journal-editor-removed-event-handler;journal-editor-removed" tests="5" failures="0" skipped="0" errors="0" time="0.06700000000000002">
    <properties>
    </properties>
    <testcase classname="there-are-10-editors-in-the-journal-&quot;foo-journal&quot;" name="There are 10 editors in the Journal &quot;foo-journal&quot;" time="0.030">
    </testcase>
    <testcase classname="all-editors-list-from-event-data-contains-7-entries-only" name="All editors list from event data contains 7 entries only" time="0.003">
    </testcase>
    <testcase classname="the-journal-id-from-event-data-is-&quot;foo-journal&quot;" name="The journal id from event data is &quot;foo-journal&quot;" time="0.003">
    </testcase>
    <testcase classname="&quot;journaleditorremoved&quot;-event-is-being-published" name="&quot;JournalEditorRemoved&quot; event is being published" time="0.021">
    </testcase>
    <testcase classname="the-journal-&quot;foo-journal&quot;-should-have-only-7-editors-left" name="The journal &quot;foo-journal&quot; should have only 7 editors left" time="0.006">
    </testcase>
  </testsuite>
  <testsuite name="journal-editor-assigend-event-handler;journal-editor-assigned" tests="5" failures="0" skipped="0" errors="0" time="0.037">
    <properties>
    </properties>
    <testcase classname="there-is-a-journal-&quot;foo-journal&quot;" name="There is a Journal &quot;foo-journal&quot;" time="0.016">
    </testcase>
    <testcase classname="the-journal-id-from-the-journaleditorassigned-event-data-is-&quot;foo-journal&quot;" name="The journal id from the JournalEditorAssigned event data is &quot;foo-journal&quot;" time="0.001">
    </testcase>
    <testcase classname="all-editors-list-from-event-data-contains-10-entries" name="All editors list from event data contains 10 entries" time="0.009">
    </testcase>
    <testcase classname="&quot;journaleditorassigned&quot;-event-is-being-published" name="&quot;JournalEditorAssigned&quot; event is being published" time="0.005">
    </testcase>
    <testcase classname="the-journal-&quot;foo-journal&quot;-should-have-only-10-editors-assigned" name="The journal &quot;foo-journal&quot; should have only 10 editors assigned" time="0.002">
    </testcase>
  </testsuite>
</testsuites>